<?xml version="1.0" encoding="UTF-8"?>
<!-- Generated by org.testng.reporters.JUnitReportReporter -->
<testsuite skipped="0" hostname="DESKTOP-7CV4BT7" name="grpQAclickAcademy.MavenJava.ClsAppiumTest" tests="2" failures="0" timestamp="2021-03-07T12:49:46 EST" time="0.005" errors="0">
  <testcase name="fxAppium_2" time="0.000" classname="grpQAclickAcademy.MavenJava.ClsAppiumTest"/>
  <system-out/>
  <testcase name="fxAppium_1" time="0.005" classname="grpQAclickAcademy.MavenJava.ClsAppiumTest"/>
  <system-out/>
</testsuite> <!-- grpQAclickAcademy.MavenJava.ClsAppiumTest -->
