<?xml version="1.0" encoding="UTF-8"?>
<!-- Generated by org.testng.reporters.JUnitReportReporter -->
<testsuite skipped="0" hostname="DESKTOP-7CV4BT7" name="grpQAclickAcademy.MavenJava.ClsSelenium" tests="2" failures="0" timestamp="2021-03-07T12:44:52 EST" time="0.013" errors="0">
  <testcase name="fxSeleniumWeb1" time="0.011" classname="grpQAclickAcademy.MavenJava.ClsSelenium"/>
  <system-out/>
  <testcase name="fxSeleniumWeb2" time="0.002" classname="grpQAclickAcademy.MavenJava.ClsSelenium"/>
  <system-out/>
</testsuite> <!-- grpQAclickAcademy.MavenJava.ClsSelenium -->
