<?xml version="1.0" encoding="UTF-8"?>
<!-- Generated by org.testng.reporters.JUnitReportReporter -->
<testsuite skipped="0" hostname="DESKTOP-7CV4BT7" name="grpQAclickAcademy.MavenJava.ClsSeleniumTest" tests="2" failures="0" timestamp="2021-03-07T13:20:17 EST" time="0.001" errors="0">
  <testcase name="fxSeleniumWeb1" time="0.001" classname="grpQAclickAcademy.MavenJava.ClsSeleniumTest"/>
  <system-out/>
  <testcase name="fxSeleniumWeb2" time="0.000" classname="grpQAclickAcademy.MavenJava.ClsSeleniumTest"/>
  <system-out/>
</testsuite> <!-- grpQAclickAcademy.MavenJava.ClsSeleniumTest -->
