<?xml version="1.0" encoding="UTF-8"?>
<!-- Generated by org.testng.reporters.JUnitReportReporter -->
<testsuite skipped="0" hostname="DESKTOP-7CV4BT7" name="grpQAclickAcademy.MavenJava.ClsRESTAPITest" tests="2" failures="0" timestamp="2021-03-07T13:20:17 EST" time="0.004" errors="0">
  <testcase name="fxRESTAPI_1" time="0.004" classname="grpQAclickAcademy.MavenJava.ClsRESTAPITest"/>
  <system-out/>
  <testcase name="fxRESTAPI_2" time="0.000" classname="grpQAclickAcademy.MavenJava.ClsRESTAPITest"/>
  <system-out/>
</testsuite> <!-- grpQAclickAcademy.MavenJava.ClsRESTAPITest -->
