<?xml version="1.0" encoding="UTF-8"?>
<!-- Generated by org.testng.reporters.JUnitReportReporter -->
<testsuite skipped="0" hostname="DESKTOP-7CV4BT7" name="grpQAclickAcademy.MavenJava.AppTest" tests="1" failures="0" timestamp="2021-03-07T12:45:33 EST" time="0.007" errors="0">
  <testcase name="shouldAnswerWithTrue" time="0.007" classname="grpQAclickAcademy.MavenJava.AppTest"/>
  <system-out/>
</testsuite> <!-- grpQAclickAcademy.MavenJava.AppTest -->
